<?xml version="1.0" encoding="UTF-8"?>
<testsuite name="ukassa.test.negative.PayoutCardPostNegativeTest" tests="4" skipped="0" failures="0" errors="0" timestamp="2024-04-04T15:31:30" hostname="user" time="6.186">
  <properties/>
  <testcase name="Проверка текста ошибки при отправке невалидного номера карты" classname="ukassa.test.negative.PayoutCardPostNegativeTest" time="1.113"/>
  <testcase name="Проверка невалидного номера карты" classname="ukassa.test.negative.PayoutCardPostNegativeTest" time="1.427"/>
  <testcase name="Проверка срока действия карты" classname="ukassa.test.negative.PayoutCardPostNegativeTest" time="3.252"/>
  <testcase name="Проверка ввода невалидного года Expiry_year" classname="ukassa.test.negative.PayoutCardPostNegativeTest" time="0.387"/>
  <system-out><![CDATA[Request URI:	https://api.yookassa.ru/v3/payments
Headers:		Idempotence-Key=8d2e6a36-0e2b-49dd-92be-4f6f0552483a
				Authorization=Basic MzU5MjQwOnRlc3RfeGpoWUVnODU4akYwUjF6YVlRdGRrV1lPRHJtOUhxN1Q4cXlzaWFEWC1QOA==
				Accept=*/*
				Content-Type=application/json
Body:
{
    "amount": {
        "value": "150.00",
        "currency": "RUB"
    },
    "payment_method_data": {
        "type": "bank_card",
        "card": {
            "cardholder": "MR CARDHOLDER",
            "csc": "213",
            "expiry_month": "01",
            "expiry_year": "2020",
            "number": "32558"
        }
    },
    "confirmation": {
        "type": "redirect",
        "return_url": "https://www.example.com/return_url"
    },
    "description": "Заказ №74"
}
HTTP/1.1 400 
Server: nginx
Date: Thu, 04 Apr 2024 15:31:31 GMT
Content-Type: application/json;charset=UTF-8
Content-Length: 282
Connection: keep-alive
Keep-Alive: timeout=12
Signature: v1 2da0db93 1 MGQCMC1bFv7xzzLUFG/9yH3Gf3nNd75PKfgpWvEDgDSh7aTnMSh3FtjqbVpSwsvTA7KaVgIwVjaJ4A7Xzng8qMx2xmwWSVk7eOIKAPuM8gFym4qYuD/2TsFGS5Yyik2Wgk4HkKvv

{
    "type": "error",
    "id": "78df57ca-76b9-491c-833d-e520eaa1dbea",
    "code": "invalid_request",
    "description": "Error in the bank card number. Specify a valid number. You can validate the number using the Luhn algorithm.",
    "parameter": "payment_method_data.card.number"
}
Request URI:	https://api.yookassa.ru/v3/payments
Headers:		Idempotence-Key=ffc69706-3624-436b-8839-b559b83952cc
				Authorization=Basic MzU5MjQwOnRlc3RfeGpoWUVnODU4akYwUjF6YVlRdGRrV1lPRHJtOUhxN1Q4cXlzaWFEWC1QOA==
				Accept=*/*
				Content-Type=application/json
Body:
{
    "amount": {
        "value": "150.00",
        "currency": "RUB"
    },
    "payment_method_data": {
        "type": "bank_card",
        "card": {
            "cardholder": "MR CARDHOLDER",
            "csc": "213",
            "expiry_month": "01",
            "expiry_year": "2020",
            "number": "5555555555554618"
        }
    },
    "confirmation": {
        "type": "redirect",
        "return_url": "https://www.example.com/return_url"
    },
    "description": "Заказ №74"
}
HTTP/1.1 200 
Server: nginx
Date: Thu, 04 Apr 2024 15:31:32 GMT
Content-Type: application/json;charset=UTF-8
Content-Length: 1119
Connection: keep-alive
Keep-Alive: timeout=12
Signature: v1 2da0db94 1 MGQCMDpibb1a1VAv/gW8zGC/wWZcKa/Dl+5U9ToPsUEEAxIxoJ2z2z16ADJYqEKpEAjFrwIwF13PfFvFu5HsCyZtwSkqDNh+Hq3obvA4HPJ196Ag9w1AKJ3l93TlgfuJTSjKl/yd
Strict-Transport-Security: max-age=15768000

{
    "id": "2da0db93-000f-5000-8000-16de035255a2",
    "status": "canceled",
    "amount": {
        "value": "150.00",
        "currency": "RUB"
    },
    "description": "Заказ №74",
    "recipient": {
        "account_id": "359240",
        "gateway_id": "2215148"
    },
    "payment_method": {
        "type": "bank_card",
        "id": "2da0db93-000f-5000-8000-16de035255a2",
        "saved": false,
        "title": "Bank card *4618",
        "card": {
            "first6": "555555",
            "last4": "4618",
            "expiry_year": "2020",
            "expiry_month": "01",
            "card_type": "MasterCard",
            "card_product": {
                "code": "E"
            },
            "issuer_country": "US"
        }
    },
    "created_at": "2024-04-04T15:31:31.697Z",
    "test": true,
    "paid": false,
    "refundable": false,
    "metadata": {
        
    },
    "cancellation_details": {
        "party": "payment_network",
        "reason": "invalid_card_number"
    },
    "authorization_details": {
        "rrn": "310457283885351",
        "auth_code": "198643",
        "three_d_secure": {
            "applied": false,
            "method_completed": false,
            "challenge_completed": false
        }
    }
}
Request URI:	https://api.yookassa.ru/v3/payments
Headers:		Idempotence-Key=6c450aa5-797c-4951-ac90-ba74c818336f
				Authorization=Basic MzU5MjQwOnRlc3RfeGpoWUVnODU4akYwUjF6YVlRdGRrV1lPRHJtOUhxN1Q4cXlzaWFEWC1QOA==
				Accept=*/*
				Content-Type=application/json
Body:
{
    "amount": {
        "value": "150.00",
        "currency": "RUB"
    },
    "payment_method_data": {
        "type": "bank_card",
        "card": {
            "cardholder": "MR CARDHOLDER",
            "csc": "213",
            "expiry_month": "01",
            "expiry_year": "2020",
            "number": "5555555555554543"
        }
    },
    "confirmation": {
        "type": "redirect",
        "return_url": "https://www.example.com/return_url"
    },
    "description": "Заказ №74"
}
HTTP/1.1 200 
Server: nginx
Date: Thu, 04 Apr 2024 15:31:35 GMT
Content-Type: application/json;charset=UTF-8
Content-Length: 1112
Connection: keep-alive
Keep-Alive: timeout=12
Signature: v1 2da0db97 1 MGQCMBfXhMMR+LMjJq/6A9qq9jOqmHjvz1b7Vx3on9kugfAVz7os+zZus9c1REbFvoXDIgIwJ8srizkvwiHWQciQ9X8zQ/K6fyB69waRs0i8ILOdeu1lIrm5PVzSed6r1MsGHtXI
Strict-Transport-Security: max-age=15768000

{
    "id": "2da0db95-000f-5000-8000-10576f3b25eb",
    "status": "canceled",
    "amount": {
        "value": "150.00",
        "currency": "RUB"
    },
    "description": "Заказ №74",
    "recipient": {
        "account_id": "359240",
        "gateway_id": "2215148"
    },
    "payment_method": {
        "type": "bank_card",
        "id": "2da0db95-000f-5000-8000-10576f3b25eb",
        "saved": false,
        "title": "Bank card *4543",
        "card": {
            "first6": "555555",
            "last4": "4543",
            "expiry_year": "2020",
            "expiry_month": "01",
            "card_type": "MasterCard",
            "card_product": {
                "code": "E"
            },
            "issuer_country": "US"
        }
    },
    "created_at": "2024-04-04T15:31:33.086Z",
    "test": true,
    "paid": false,
    "refundable": false,
    "metadata": {
        
    },
    "cancellation_details": {
        "party": "payment_network",
        "reason": "card_expired"
    },
    "authorization_details": {
        "rrn": "917961395587685",
        "auth_code": "774129",
        "three_d_secure": {
            "applied": false,
            "method_completed": false,
            "challenge_completed": false
        }
    }
}
Request URI:	https://api.yookassa.ru/v3/payments
Headers:		Idempotence-Key=b297e145-9a9c-4e46-a798-49afdd621930
				Authorization=Basic MzU5MjQwOnRlc3RfeGpoWUVnODU4akYwUjF6YVlRdGRrV1lPRHJtOUhxN1Q4cXlzaWFEWC1QOA==
				Accept=*/*
				Content-Type=application/json
Body:
{
    "amount": {
        "value": "150.00",
        "currency": "RUB"
    },
    "payment_method_data": {
        "type": "bank_card",
        "card": {
            "cardholder": "MR CARDHOLDER",
            "csc": "213",
            "expiry_month": "01",
            "expiry_year": "20",
            "number": "2202202212312379"
        }
    },
    "confirmation": {
        "type": "redirect",
        "return_url": "https://www.example.com/return_url"
    },
    "description": "Заказ №74"
}
HTTP/1.1 400 
Server: nginx
Date: Thu, 04 Apr 2024 15:31:36 GMT
Content-Type: application/json;charset=UTF-8
Content-Length: 232
Connection: keep-alive
Keep-Alive: timeout=12
Signature: v1 2da0db98 1 MGQCMEWXA9UvRu7P9UruBVNC0sO4vXvrXYPu6pyev5FgkTn8WQlI1FEQVmHuTA3lZsHnQAIwTlWLIDy7AzxEZIT64qX1TxltbYvMhX1s/FnvXEYDJ7Vj+KIDiMsqoZ+EXtiAERPW

{
    "type": "error",
    "id": "ad0a1297-e198-48c5-a231-d1f71bd47a09",
    "code": "invalid_request",
    "description": "Card expiry year is illegal. Must be a 4-digit number",
    "parameter": "payment_method_data.card.expiry_year"
}
]]></system-out>
  <system-err><![CDATA[]]></system-err>
</testsuite>
