<?xml version="1.0" encoding="UTF-8"?>
<testsuite name="ukassa.test.PayoutGetInfoTest" tests="2" skipped="0" failures="0" errors="0" timestamp="2024-04-04T15:23:34" hostname="user" time="3.697">
  <properties/>
  <testcase name="Проверка запроса информации по всем платежам" classname="ukassa.test.PayoutGetInfoTest" time="3.355"/>
  <testcase name="Проверка запроса информации по определенному платежу" classname="ukassa.test.PayoutGetInfoTest" time="0.338"/>
  <system-out><![CDATA[Request URI:	https://api.yookassa.ru/v3/payments
Headers:		Idempotence-Key=84e01c0f-b8ba-456a-a678-6af873038dc1
				Authorization=Basic MzU5MjQwOnRlc3RfeGpoWUVnODU4akYwUjF6YVlRdGRrV1lPRHJtOUhxN1Q4cXlzaWFEWC1QOA==
				Accept=*/*
				Content-Type=application/json
Body:			<none>
HTTP/1.1 200 
Server: nginx
Date: Thu, 04 Apr 2024 15:23:37 GMT
Content-Type: application/json
Connection: close
Strict-Transport-Security: max-age=15768000

{
    "type": "list",
    "next_cursor": "2da087da-000f-5000-a000-175fc3bf6194",
    "items": [
        {
            "id": "2da0d93f-000f-5000-9000-1107b283d29f",
            "status": "canceled",
            "amount": {
                "value": "150.00",
                "currency": "RUB"
            },
            "description": "Заказ №74",
            "recipient": {
                "account_id": "359240",
                "gateway_id": "2215148"
            },
            "payment_method": {
                "type": "bank_card",
                "id": "2da0d93f-000f-5000-9000-1107b283d29f",
                "saved": false,
                "title": "Bank card *4543",
                "card": {
                    "first6": "555555",
                    "last4": "4543",
                    "expiry_year": "2020",
                    "expiry_month": "01",
                    "card_type": "MasterCard",
                    "card_product": {
                        "code": "E"
                    },
                    "issuer_country": "US"
                }
            },
            "created_at": "2024-04-04T15:21:35.252Z",
            "test": true,
            "paid": false,
            "refundable": false,
            "metadata": {
                
            },
            "cancellation_details": {
                "party": "payment_network",
                "reason": "card_expired"
            },
            "authorization_details": {
                "rrn": "764690069163811",
                "auth_code": "545805",
                "three_d_secure": {
                    "applied": false,
                    "method_completed": false,
                    "challenge_completed": false
                }
            }
        },
        {
            "id": "2da0d93d-000f-5000-9000-1429bd7223bf",
            "status": "canceled",
            "amount": {
                "value": "150.00",
                "currency": "RUB"
            },
            "description": "Заказ №74",
            "recipient": {
                "account_id": "359240",
                "gateway_id": "2215148"
            },
            "payment_method": {
                "type": "bank_card",
                "id": "2da0d93d-000f-5000-9000-1429bd7223bf",
                "saved": false,
                "title": "Bank card *4618",
                "card": {
                    "first6": "555555",
                    "last4": "4618",
                    "expiry_year": "2020",
                    "expiry_month": "01",
                    "card_type": "MasterCard",
                    "card_product": {
                        "code": "E"
                    },
                    "issuer_country": "US"
                }
            },
            "created_at": "2024-04-04T15:21:33.763Z",
            "test": true,
            "paid": false,
            "refundable": false,
            "metadata": {
                
            },
            "cancellation_details": {
                "party": "payment_network",
                "reason": "invalid_card_number"
            },
            "authorization_details": {
                "rrn": "615523840381615",
                "auth_code": "670993",
                "three_d_secure": {
                    "applied": false,
                    "method_completed": false,
                    "challenge_completed": false
                }
            }
        },
        {
            "id": "2da0d8b3-000f-5000-9000-112a863f81fa",
            "status": "waiting_for_capture",
            "amount": {
                "value": "150.00",
                "currency": "RUB"
            },
            "description": "Заказ №74",
            "recipient": {
                "account_id": "359240",
                "gateway_id": "2215148"
            },
            "payment_method": {
                "type": "bank_card",
                "id": "2da0d8b3-000f-5000-9000-112a863f81fa",
                "saved": false,
                "title": "Bank card *4444",
                "card": {
                    "first6": "555555",
                    "last4": "4444",
                    "expiry_year": "2020",
                    "expiry_month": "01",
                    "card_type": "MasterCard",
                    "card_product": {
                        "code": "E"
                    },
                    "issuer_country": "US"
                }
            },
            "created_at": "2024-04-04T15:19:15.195Z",
            "expires_at": "2024-04-11T15:19:15.671Z",
            "test": true,
            "paid": true,
            "refundable": false,
            "metadata": {
                
            },
            "authorization_details": {
                "rrn": "694869658408856",
                "auth_code": "293284",
                "three_d_secure": {
                    "applied": false,
                    "method_completed": false,
                    "challenge_completed": false
                }
            }
        },
        {
            "id": "2da0d8ab-000f-5000-8000-1e412a92b743",
            "status": "canceled",
            "amount": {
                "value": "150.00",
                "currency": "RUB"
            },
            "description": "Заказ №74",
            "recipient": {
                "account_id": "359240",
                "gateway_id": "2215148"
            },
            "payment_method": {
                "type": "bank_card",
                "id": "2da0d8ab-000f-5000-8000-1e412a92b743",
                "saved": false,
                "title": "Bank card *4543",
                "card": {
                    "first6": "555555",
                    "last4": "4543",
                    "expiry_year": "2020",
                    "expiry_month": "01",
                    "card_type": "MasterCard",
                    "card_product": {
                        "code": "E"
                    },
                    "issuer_country": "US"
                }
            },
            "created_at": "2024-04-04T15:19:07.512Z",
            "test": true,
            "paid": false,
            "refundable": false,
            "metadata": {
                
            },
            "cancellation_details": {
                "party": "payment_network",
                "reason": "card_expired"
            },
            "authorization_details": {
                "rrn": "220986940862713",
                "auth_code": "365962",
                "three_d_secure": {
                    "applied": false,
                    "method_completed": false,
                    "challenge_completed": false
                }
            }
        },
        {
            "id": "2da0d895-000f-5000-9000-1ebf44933123",
            "status": "waiting_for_capture",
            "amount": {
                "value": "150.00",
                "currency": "RUB"
            },
            "description": "Заказ №74",
            "recipient": {
                "account_id": "359240",
                "gateway_id": "2215148"
            },
            "payment_method": {
                "type": "bank_card",
                "id": "2da0d895-000f-5000-9000-1ebf44933123",
                "saved": false,
                "title": "Bank card *4444",
                "card": {
                    "first6": "555555",
                    "last4": "4444",
                    "expiry_year": "2020",
                    "expiry_month": "01",
                    "card_type": "MasterCard",
                    "card_product": {
                        "code": "E"
                    },
                    "issuer_country": "US"
                }
            },
            "created_at": "2024-04-04T15:18:45.117Z",
            "expires_at": "2024-04-11T15:18:45.881Z",
            "test": true,
            "paid": true,
            "refundable": false,
            "metadata": {
                
            },
            "authorization_details": {
                "rrn": "434412589794452",
                "auth_code": "533194",
                "three_d_secure": {
                    "applied": false,
                    "method_completed": false,
                    "challenge_completed": false
                }
            }
        },
        {
            "id": "2da0c42a-000f-5000-a000-1197aa785606",
            "status": "waiting_for_capture",
            "amount": {
                "value": "150.00",
                "currency": "RUB"
            },
            "description": "Заказ №74",
            "recipient": {
                "account_id": "359240",
                "gateway_id": "2215148"
            },
            "payment_method": {
                "type": "bank_card",
                "id": "2da0c42a-000f-5000-a000-1197aa785606",
                "saved": false,
                "title": "Bank card *4444",
                "card": {
                    "first6": "555555",
                    "last4": "4444",
                    "expiry_year": "2020",
                    "expiry_month": "01",
                    "card_type": "MasterCard",
                    "card_product": {
                        "code": "E"
                    },
                    "issuer_country": "US"
                }
            },
            "created_at": "2024-04-04T13:51:38.029Z",
            "expires_at": "2024-04-11T13:51:38.745Z",
            "test": true,
            "paid": true,
            "refundable": false,
            "metadata": {
                
            },
            "authorization_details": {
                "rrn": "771490115823922",
                "auth_code": "293515",
                "three_d_secure": {
                    "applied": false,
                    "method_completed": false,
                    "challenge_completed": false
                }
            }
        },
        {
            "id": "2da0975d-000f-5000-a000-19e68444c0bd",
            "status": "waiting_for_capture",
            "amount": {
                "value": "150.00",
                "currency": "RUB"
            },
            "description": "Заказ №74",
            "recipient": {
                "account_id": "359240",
                "gateway_id": "2215148"
            },
            "payment_method": {
                "type": "bank_card",
                "id": "2da0975d-000f-5000-a000-19e68444c0bd",
                "saved": false,
                "title": "Bank card *4444",
                "card": {
                    "first6": "555555",
                    "last4": "4444",
                    "expiry_year": "2020",
                    "expiry_month": "01",
                    "card_type": "MasterCard",
                    "card_product": {
                        "code": "E"
                    },
                    "issuer_country": "US"
                }
            },
            "created_at": "2024-04-04T10:40:29.296Z",
            "expires_at": "2024-04-11T10:40:29.798Z",
            "test": true,
            "paid": true,
            "refundable": false,
            "metadata": {
                
            },
            "authorization_details": {
                "rrn": "297866494692573",
                "auth_code": "703825",
                "three_d_secure": {
                    "applied": false,
                    "method_completed": false,
                    "challenge_completed": false
                }
            }
        },
        {
            "id": "2da09627-000f-5000-8000-1758e66c21e0",
            "status": "canceled",
            "amount": {
                "value": "150.00",
                "currency": "RUB"
            },
            "description": "Заказ №74",
            "recipient": {
                "account_id": "359240",
                "gateway_id": "2215148"
            },
            "payment_method": {
                "type": "bank_card",
                "id": "2da09627-000f-5000-8000-1758e66c21e0",
                "saved": false,
                "title": "Bank card *4543",
                "card": {
                    "first6": "555555",
                    "last4": "4543",
                    "expiry_year": "2020",
                    "expiry_month": "01",
                    "card_type": "MasterCard",
                    "card_product": {
                        "code": "E"
                    },
                    "issuer_country": "US"
                }
            },
            "created_at": "2024-04-04T10:35:19.170Z",
            "test": true,
            "paid": false,
            "refundable": false,
            "metadata": {
                
            },
            "cancellation_details": {
                "party": "payment_network",
                "reason": "card_expired"
            },
            "authorization_details": {
                "rrn": "292636678414509",
                "auth_code": "624728",
                "three_d_secure": {
                    "applied": false,
                    "method_completed": false,
                    "challenge_completed": false
                }
            }
        },
        {
            "id": "2da08dfc-000f-5000-8000-1b6e3f8c7c15",
            "status": "waiting_for_capture",
            "amount": {
                "value": "150.00",
                "currency": "RUB"
            },
            "description": "Заказ №74",
            "recipient": {
                "account_id": "359240",
                "gateway_id": "2215148"
            },
            "payment_method": {
                "type": "bank_card",
                "id": "2da08dfc-000f-5000-8000-1b6e3f8c7c15",
                "saved": false,
                "title": "Bank card *2987",
                "card": {
                    "first6": "220247",
                    "last4": "2987",
                    "expiry_year": "2020",
                    "expiry_month": "01",
                    "card_type": "Unknown"
                }
            },
            "created_at": "2024-04-04T10:00:28.931Z",
            "expires_at": "2024-04-11T10:00:29.425Z",
            "test": true,
            "paid": true,
            "refundable": false,
            "metadata": {
                
            },
            "authorization_details": {
                "rrn": "195130613751393",
                "auth_code": "825029",
                "three_d_secure": {
                    "applied": false,
                    "method_completed": false,
                    "challenge_completed": false
                }
            }
        },
        {
            "id": "2da087ed-000f-5000-a000-1d684ae13d49",
            "status": "waiting_for_capture",
            "amount": {
                "value": "150.00",
                "currency": "RUB"
            },
            "description": "Заказ №74",
            "recipient": {
                "account_id": "359240",
                "gateway_id": "2215148"
            },
            "payment_method": {
                "type": "bank_card",
                "id": "2da087ed-000f-5000-a000-1d684ae13d49",
                "saved": false,
                "title": "Bank card *4444",
                "card": {
                    "first6": "555555",
                    "last4": "4444",
                    "expiry_year": "2020",
                    "expiry_month": "01",
                    "card_type": "MasterCard",
                    "card_product": {
                        "code": "E"
                    },
                    "issuer_country": "US"
                }
            },
            "created_at": "2024-04-04T09:34:37.744Z",
            "expires_at": "2024-04-11T09:34:38.504Z",
            "test": true,
            "paid": true,
            "refundable": false,
            "metadata": {
                
            },
            "authorization_details": {
                "rrn": "368871837350190",
                "auth_code": "686236",
                "three_d_secure": {
                    "applied": false,
                    "method_completed": false,
                    "challenge_completed": false
                }
            }
        }
    ]
}
Request URI:	https://api.yookassa.ru/v3/payments/2d9cc60d-000f-5000-9000-131c0b967024
Headers:		Idempotence-Key=84e01c0f-b8ba-456a-a678-6af873038dc1
				Authorization=Basic MzU5MjQwOnRlc3RfeGpoWUVnODU4akYwUjF6YVlRdGRrV1lPRHJtOUhxN1Q4cXlzaWFEWC1QOA==
				Accept=*/*
				Content-Type=application/json
Body:			<none>
HTTP/1.1 200 
Server: nginx
Date: Thu, 04 Apr 2024 15:23:38 GMT
Content-Type: application/json;charset=UTF-8
Content-Length: 1070
Connection: keep-alive
Keep-Alive: timeout=12
Signature: v1 2da0d9ba 1 MGQCMEm8fesvh+3z/GrX8UHWGHRcLtj53ISqD3lsx0Q5FCdRJc/+TRopdvoeHQ6D3gKvJQIwVjzq69csMQcNNkWASyDXVqC8jaZAUdrei606AyYB/YBDncQechc20+s/MtWDAJvX
Strict-Transport-Security: max-age=15768000

{
    "id": "2d9cc60d-000f-5000-9000-131c0b967024",
    "status": "waiting_for_capture",
    "amount": {
        "value": "150.00",
        "currency": "RUB"
    },
    "description": "Заказ №74",
    "recipient": {
        "account_id": "359240",
        "gateway_id": "2215148"
    },
    "payment_method": {
        "type": "bank_card",
        "id": "2d9cc60d-000f-5000-9000-131c0b967024",
        "saved": false,
        "title": "Bank card *4444",
        "card": {
            "first6": "555555",
            "last4": "4444",
            "expiry_year": "2020",
            "expiry_month": "01",
            "card_type": "MasterCard",
            "card_product": {
                "code": "E"
            },
            "issuer_country": "US"
        }
    },
    "created_at": "2024-04-01T13:10:37.543Z",
    "expires_at": "2024-04-08T13:10:38.087Z",
    "test": true,
    "paid": true,
    "refundable": false,
    "metadata": {
        
    },
    "authorization_details": {
        "rrn": "744835168061300",
        "auth_code": "387288",
        "three_d_secure": {
            "applied": false,
            "method_completed": false,
            "challenge_completed": false
        }
    }
}
]]></system-out>
  <system-err><![CDATA[]]></system-err>
</testsuite>
