<?xml version="1.0" encoding="UTF-8"?>
<testsuite name="ukassa.test.positive.PayoutCardPostPositiveTest" tests="3" skipped="0" failures="0" errors="0" timestamp="2024-04-04T15:31:38" hostname="user" time="3.149">
  <properties/>
  <testcase name="Проверка отображения правильной суммы в ответе" classname="ukassa.test.positive.PayoutCardPostPositiveTest" time="1.012"/>
  <testcase name="Проверка статуса 'waiting_for_capture'" classname="ukassa.test.positive.PayoutCardPostPositiveTest" time="1.133"/>
  <testcase name="Проверка card_type в ответе" classname="ukassa.test.positive.PayoutCardPostPositiveTest" time="0.999"/>
  <system-out><![CDATA[Request URI:	https://api.yookassa.ru/v3/payments
Headers:		Idempotence-Key=6eba904b-4538-44a7-b565-1fa3467d6837
				Authorization=Basic MzU5MjQwOnRlc3RfeGpoWUVnODU4akYwUjF6YVlRdGRrV1lPRHJtOUhxN1Q4cXlzaWFEWC1QOA==
				Accept=*/*
				Content-Type=application/json
Body:
{
    "amount": {
        "value": "150.00",
        "currency": "RUB"
    },
    "payment_method_data": {
        "type": "bank_card",
        "card": {
            "cardholder": "MR CARDHOLDER",
            "csc": "213",
            "expiry_month": "01",
            "expiry_year": "2020",
            "number": "5555555555554444"
        }
    },
    "confirmation": {
        "type": "redirect",
        "return_url": "https://www.example.com/return_url"
    },
    "description": "Заказ №74"
}
HTTP/1.1 200 
Server: nginx
Date: Thu, 04 Apr 2024 15:31:39 GMT
Content-Type: application/json;charset=UTF-8
Content-Length: 1070
Connection: keep-alive
Keep-Alive: timeout=12
Signature: v1 2da0db9b 1 MGUCMQCIZ+XQpzsZ/GopVtpOfZR3v+w37d4+Om3o9nghSpecLsB2w5KXsSQvuB8jLsl57dMCMGAMLWCqSWoedoIPwzUiXkPDdZiTM84Tg3NVDZfytkq8Sd+1RS4DuPgVfpqOo/IhNg==
Strict-Transport-Security: max-age=15768000

{
    "id": "2da0db9a-000f-5000-a000-1d9a6945d3b3",
    "status": "waiting_for_capture",
    "amount": {
        "value": "150.00",
        "currency": "RUB"
    },
    "description": "Заказ №74",
    "recipient": {
        "account_id": "359240",
        "gateway_id": "2215148"
    },
    "payment_method": {
        "type": "bank_card",
        "id": "2da0db9a-000f-5000-a000-1d9a6945d3b3",
        "saved": false,
        "title": "Bank card *4444",
        "card": {
            "first6": "555555",
            "last4": "4444",
            "expiry_year": "2020",
            "expiry_month": "01",
            "card_type": "MasterCard",
            "card_product": {
                "code": "E"
            },
            "issuer_country": "US"
        }
    },
    "created_at": "2024-04-04T15:31:38.429Z",
    "expires_at": "2024-04-11T15:31:38.936Z",
    "test": true,
    "paid": true,
    "refundable": false,
    "metadata": {
        
    },
    "authorization_details": {
        "rrn": "704884705213688",
        "auth_code": "693080",
        "three_d_secure": {
            "applied": false,
            "method_completed": false,
            "challenge_completed": false
        }
    }
}
Request URI:	https://api.yookassa.ru/v3/payments
Headers:		Idempotence-Key=6b5da10b-4796-4091-9f50-2ca2bbc440fa
				Authorization=Basic MzU5MjQwOnRlc3RfeGpoWUVnODU4akYwUjF6YVlRdGRrV1lPRHJtOUhxN1Q4cXlzaWFEWC1QOA==
				Accept=*/*
				Content-Type=application/json
Body:
{
    "amount": {
        "value": "150.00",
        "currency": "RUB"
    },
    "payment_method_data": {
        "type": "bank_card",
        "card": {
            "cardholder": "MR CARDHOLDER",
            "csc": "213",
            "expiry_month": "01",
            "expiry_year": "2020",
            "number": "5555555555554444"
        }
    },
    "confirmation": {
        "type": "redirect",
        "return_url": "https://www.example.com/return_url"
    },
    "description": "Заказ №74"
}
HTTP/1.1 200 
Server: nginx
Date: Thu, 04 Apr 2024 15:31:40 GMT
Content-Type: application/json;charset=UTF-8
Content-Length: 1070
Connection: keep-alive
Keep-Alive: timeout=12
Signature: v1 2da0db9c 1 MGQCMEQ9hrJYAcK1YwLb9eH+eyq5fMQ6s3X5fnv0fQ2j/GonY1PEcqei1xjCeKDJv9LFmwIwDNZSLIFc1D4DnCmfXnOnktIytw3mV6sbncfisK0h9bnxHW0Y965p354Vc1J67+AH
Strict-Transport-Security: max-age=15768000

{
    "id": "2da0db9b-000f-5000-8000-10691bf76255",
    "status": "waiting_for_capture",
    "amount": {
        "value": "150.00",
        "currency": "RUB"
    },
    "description": "Заказ №74",
    "recipient": {
        "account_id": "359240",
        "gateway_id": "2215148"
    },
    "payment_method": {
        "type": "bank_card",
        "id": "2da0db9b-000f-5000-8000-10691bf76255",
        "saved": false,
        "title": "Bank card *4444",
        "card": {
            "first6": "555555",
            "last4": "4444",
            "expiry_year": "2020",
            "expiry_month": "01",
            "card_type": "MasterCard",
            "card_product": {
                "code": "E"
            },
            "issuer_country": "US"
        }
    },
    "created_at": "2024-04-04T15:31:39.535Z",
    "expires_at": "2024-04-11T15:31:40.140Z",
    "test": true,
    "paid": true,
    "refundable": false,
    "metadata": {
        
    },
    "authorization_details": {
        "rrn": "338846565526652",
        "auth_code": "415654",
        "three_d_secure": {
            "applied": false,
            "method_completed": false,
            "challenge_completed": false
        }
    }
}
Request URI:	https://api.yookassa.ru/v3/payments
Headers:		Idempotence-Key=a18c7ed4-ee1d-4278-a9ed-a68121e6fbb7
				Authorization=Basic MzU5MjQwOnRlc3RfeGpoWUVnODU4akYwUjF6YVlRdGRrV1lPRHJtOUhxN1Q4cXlzaWFEWC1QOA==
				Accept=*/*
				Content-Type=application/json
Body:
{
    "amount": {
        "value": "150.00",
        "currency": "RUB"
    },
    "payment_method_data": {
        "type": "bank_card",
        "card": {
            "cardholder": "MR CARDHOLDER",
            "csc": "213",
            "expiry_month": "01",
            "expiry_year": "2020",
            "number": "5555555555554444"
        }
    },
    "confirmation": {
        "type": "redirect",
        "return_url": "https://www.example.com/return_url"
    },
    "description": "Заказ №74"
}
HTTP/1.1 200 
Server: nginx
Date: Thu, 04 Apr 2024 15:31:41 GMT
Content-Type: application/json;charset=UTF-8
Content-Length: 1070
Connection: keep-alive
Keep-Alive: timeout=12
Signature: v1 2da0db9d 1 MGQCMDHX7fuufVRhCb4bdlBX0Y/R0e1d3YWPznEE/aIqBdP3MJGvFnQTGRp6dgshxwDlkgIwNCsPPInf219fqsIcC3d3NnRDXobzMF6klkAxoUU8hfJ7u1zq2T9EfW93NdBFhbL1
Strict-Transport-Security: max-age=15768000

{
    "id": "2da0db9c-000f-5000-a000-1306fd294645",
    "status": "waiting_for_capture",
    "amount": {
        "value": "150.00",
        "currency": "RUB"
    },
    "description": "Заказ №74",
    "recipient": {
        "account_id": "359240",
        "gateway_id": "2215148"
    },
    "payment_method": {
        "type": "bank_card",
        "id": "2da0db9c-000f-5000-a000-1306fd294645",
        "saved": false,
        "title": "Bank card *4444",
        "card": {
            "first6": "555555",
            "last4": "4444",
            "expiry_year": "2020",
            "expiry_month": "01",
            "card_type": "MasterCard",
            "card_product": {
                "code": "E"
            },
            "issuer_country": "US"
        }
    },
    "created_at": "2024-04-04T15:31:40.567Z",
    "expires_at": "2024-04-11T15:31:41.139Z",
    "test": true,
    "paid": true,
    "refundable": false,
    "metadata": {
        
    },
    "authorization_details": {
        "rrn": "190650926046489",
        "auth_code": "830174",
        "three_d_secure": {
            "applied": false,
            "method_completed": false,
            "challenge_completed": false
        }
    }
}
]]></system-out>
  <system-err><![CDATA[]]></system-err>
</testsuite>
