<?xml version="1.0" encoding="UTF-8"?>
<testsuite name="ukassa.test.positive.PayoutSuccessApprovePostPositiveTest" tests="2" skipped="0" failures="0" errors="0" timestamp="2024-04-04T15:31:41" hostname="user" time="0.526">
  <properties/>
  <testcase name="Проверка успешного подтверждения платежаб статус 'succeeded'" classname="ukassa.test.positive.PayoutSuccessApprovePostPositiveTest" time="0.31"/>
  <testcase name="Проверка успешного подтверждения платежаб статус код 200" classname="ukassa.test.positive.PayoutSuccessApprovePostPositiveTest" time="0.214"/>
  <system-out><![CDATA[Request URI:	https://api.yookassa.ru/v3/payments/2d9c9457-000f-5000-a000-1ea13968ba7c/capture
Headers:		Idempotence-Key=a3739194-84cd-4b76-96d1-2ba48a9e2146
				Authorization=Basic MzU5MjQwOnRlc3RfeGpoWUVnODU4akYwUjF6YVlRdGRrV1lPRHJtOUhxN1Q4cXlzaWFEWC1QOA==
				Accept=*/*
				Content-Type=application/json
Body:
{
    "amount": null
}
HTTP/1.1 200 
Server: nginx
Date: Thu, 04 Apr 2024 15:31:41 GMT
Content-Type: application/json;charset=UTF-8
Content-Length: 1208
Connection: keep-alive
Keep-Alive: timeout=12
Signature: v1 2da0db9d 1 MGQCMARxZ3wTIbkhp5xi6KvERepBsJUcS/EGT/yYcmFDY7jWcoO0xvfYbkiIihgrfa5aEAIweSHIhODmFD+riEiKactDeTJBL3prQkzF9t+l5dFGkynvXIfOYJiHVBAxUuB+QHUi
Strict-Transport-Security: max-age=15768000

{
    "id": "2d9c9457-000f-5000-a000-1ea13968ba7c",
    "status": "succeeded",
    "amount": {
        "value": "150.00",
        "currency": "RUB"
    },
    "income_amount": {
        "value": "144.75",
        "currency": "RUB"
    },
    "description": "Заказ №74",
    "recipient": {
        "account_id": "359240",
        "gateway_id": "2215148"
    },
    "payment_method": {
        "type": "bank_card",
        "id": "2d9c9457-000f-5000-a000-1ea13968ba7c",
        "saved": false,
        "title": "Bank card *4444",
        "card": {
            "first6": "555555",
            "last4": "4444",
            "expiry_year": "2020",
            "expiry_month": "01",
            "card_type": "MasterCard",
            "card_product": {
                "code": "E"
            },
            "issuer_country": "US"
        }
    },
    "captured_at": "2024-04-01T09:39:16.724Z",
    "created_at": "2024-04-01T09:38:31.688Z",
    "test": true,
    "refunded_amount": {
        "value": "0.00",
        "currency": "RUB"
    },
    "paid": true,
    "refundable": true,
    "metadata": {
        
    },
    "authorization_details": {
        "rrn": "200034122782729",
        "auth_code": "668050",
        "three_d_secure": {
            "applied": false,
            "method_completed": false,
            "challenge_completed": false
        }
    }
}
Request URI:	https://api.yookassa.ru/v3/payments/2d9c9457-000f-5000-a000-1ea13968ba7c/capture
Headers:		Idempotence-Key=a3739194-84cd-4b76-96d1-2ba48a9e2146
				Authorization=Basic MzU5MjQwOnRlc3RfeGpoWUVnODU4akYwUjF6YVlRdGRrV1lPRHJtOUhxN1Q4cXlzaWFEWC1QOA==
				Accept=*/*
				Content-Type=application/json
Body:
{
    "amount": null
}
HTTP/1.1 200 
Server: nginx
Date: Thu, 04 Apr 2024 15:31:41 GMT
Content-Type: application/json;charset=UTF-8
Content-Length: 1208
Connection: keep-alive
Keep-Alive: timeout=12
Signature: v1 2da0db9d 1 MGQCMBdFypRRAHMwGRLEU+xk2ADmIDLXwDryBloxLmApzub0Q7PsAxS4sr5/jnZbZr1UJAIwTPhf7GSqBJpiReemPwPFnmwoRutwwDLV/lRMbxZ+rMO+RliDjoKplcV81xVYmvxk
Strict-Transport-Security: max-age=15768000

{
    "id": "2d9c9457-000f-5000-a000-1ea13968ba7c",
    "status": "succeeded",
    "amount": {
        "value": "150.00",
        "currency": "RUB"
    },
    "income_amount": {
        "value": "144.75",
        "currency": "RUB"
    },
    "description": "Заказ №74",
    "recipient": {
        "account_id": "359240",
        "gateway_id": "2215148"
    },
    "payment_method": {
        "type": "bank_card",
        "id": "2d9c9457-000f-5000-a000-1ea13968ba7c",
        "saved": false,
        "title": "Bank card *4444",
        "card": {
            "first6": "555555",
            "last4": "4444",
            "expiry_year": "2020",
            "expiry_month": "01",
            "card_type": "MasterCard",
            "card_product": {
                "code": "E"
            },
            "issuer_country": "US"
        }
    },
    "captured_at": "2024-04-01T09:39:16.724Z",
    "created_at": "2024-04-01T09:38:31.688Z",
    "test": true,
    "refunded_amount": {
        "value": "0.00",
        "currency": "RUB"
    },
    "paid": true,
    "refundable": true,
    "metadata": {
        
    },
    "authorization_details": {
        "rrn": "200034122782729",
        "auth_code": "668050",
        "three_d_secure": {
            "applied": false,
            "method_completed": false,
            "challenge_completed": false
        }
    }
}
]]></system-out>
  <system-err><![CDATA[]]></system-err>
</testsuite>
