<?xml version="1.0" encoding="UTF-8"?>
<testsuite name="ukassa.test.PayoutGetInfoTest" tests="2" skipped="0" failures="0" errors="0" timestamp="2024-04-04T15:31:26" hostname="user" time="3.885">
  <properties/>
  <testcase name="Проверка запроса информации по всем платежам" classname="ukassa.test.PayoutGetInfoTest" time="3.47"/>
  <testcase name="Проверка запроса информации по определенному платежу" classname="ukassa.test.PayoutGetInfoTest" time="0.412"/>
  <system-out><![CDATA[Request URI:	https://api.yookassa.ru/v3/payments
Headers:		Idempotence-Key=a3739194-84cd-4b76-96d1-2ba48a9e2146
				Authorization=Basic MzU5MjQwOnRlc3RfeGpoWUVnODU4akYwUjF6YVlRdGRrV1lPRHJtOUhxN1Q4cXlzaWFEWC1QOA==
				Accept=*/*
				Content-Type=application/json
Body:			<none>
HTTP/1.1 200 
Server: nginx
Date: Thu, 04 Apr 2024 15:31:29 GMT
Content-Type: application/json
Connection: close
Strict-Transport-Security: max-age=15768000

{
    "type": "list",
    "next_cursor": "2da0da50-000f-5000-9000-1d763a71233c",
    "items": [
        {
            "id": "2da0db15-000f-5000-a000-1f1b98a4f918",
            "status": "waiting_for_capture",
            "amount": {
                "value": "150.00",
                "currency": "RUB"
            },
            "description": "Заказ №74",
            "recipient": {
                "account_id": "359240",
                "gateway_id": "2215148"
            },
            "payment_method": {
                "type": "bank_card",
                "id": "2da0db15-000f-5000-a000-1f1b98a4f918",
                "saved": false,
                "title": "Bank card *4444",
                "card": {
                    "first6": "555555",
                    "last4": "4444",
                    "expiry_year": "2020",
                    "expiry_month": "01",
                    "card_type": "MasterCard",
                    "card_product": {
                        "code": "E"
                    },
                    "issuer_country": "US"
                }
            },
            "created_at": "2024-04-04T15:29:25.099Z",
            "expires_at": "2024-04-11T15:29:25.589Z",
            "test": true,
            "paid": true,
            "refundable": false,
            "metadata": {
                
            },
            "authorization_details": {
                "rrn": "227088987595086",
                "auth_code": "316206",
                "three_d_secure": {
                    "applied": false,
                    "method_completed": false,
                    "challenge_completed": false
                }
            }
        },
        {
            "id": "2da0db14-000f-5000-9000-15d8455586bb",
            "status": "waiting_for_capture",
            "amount": {
                "value": "150.00",
                "currency": "RUB"
            },
            "description": "Заказ №74",
            "recipient": {
                "account_id": "359240",
                "gateway_id": "2215148"
            },
            "payment_method": {
                "type": "bank_card",
                "id": "2da0db14-000f-5000-9000-15d8455586bb",
                "saved": false,
                "title": "Bank card *4444",
                "card": {
                    "first6": "555555",
                    "last4": "4444",
                    "expiry_year": "2020",
                    "expiry_month": "01",
                    "card_type": "MasterCard",
                    "card_product": {
                        "code": "E"
                    },
                    "issuer_country": "US"
                }
            },
            "created_at": "2024-04-04T15:29:24.190Z",
            "expires_at": "2024-04-11T15:29:24.673Z",
            "test": true,
            "paid": true,
            "refundable": false,
            "metadata": {
                
            },
            "authorization_details": {
                "rrn": "770501742552073",
                "auth_code": "375849",
                "three_d_secure": {
                    "applied": false,
                    "method_completed": false,
                    "challenge_completed": false
                }
            }
        },
        {
            "id": "2da0db12-000f-5000-9000-1280d0d88c42",
            "status": "waiting_for_capture",
            "amount": {
                "value": "150.00",
                "currency": "RUB"
            },
            "description": "Заказ №74",
            "recipient": {
                "account_id": "359240",
                "gateway_id": "2215148"
            },
            "payment_method": {
                "type": "bank_card",
                "id": "2da0db12-000f-5000-9000-1280d0d88c42",
                "saved": false,
                "title": "Bank card *2987",
                "card": {
                    "first6": "220247",
                    "last4": "2987",
                    "expiry_year": "2020",
                    "expiry_month": "01",
                    "card_type": "Unknown"
                }
            },
            "created_at": "2024-04-04T15:29:22.956Z",
            "expires_at": "2024-04-11T15:29:23.516Z",
            "test": true,
            "paid": true,
            "refundable": false,
            "metadata": {
                
            },
            "authorization_details": {
                "rrn": "298321662018960",
                "auth_code": "299926",
                "three_d_secure": {
                    "applied": false,
                    "method_completed": false,
                    "challenge_completed": false
                }
            }
        },
        {
            "id": "2da0db0d-000f-5000-9000-1443fbd19c6c",
            "status": "canceled",
            "amount": {
                "value": "150.00",
                "currency": "RUB"
            },
            "description": "Заказ №74",
            "recipient": {
                "account_id": "359240",
                "gateway_id": "2215148"
            },
            "payment_method": {
                "type": "bank_card",
                "id": "2da0db0d-000f-5000-9000-1443fbd19c6c",
                "saved": false,
                "title": "Bank card *4543",
                "card": {
                    "first6": "555555",
                    "last4": "4543",
                    "expiry_year": "2020",
                    "expiry_month": "01",
                    "card_type": "MasterCard",
                    "card_product": {
                        "code": "E"
                    },
                    "issuer_country": "US"
                }
            },
            "created_at": "2024-04-04T15:29:17.971Z",
            "test": true,
            "paid": false,
            "refundable": false,
            "metadata": {
                
            },
            "cancellation_details": {
                "party": "payment_network",
                "reason": "card_expired"
            },
            "authorization_details": {
                "rrn": "708272579777560",
                "auth_code": "503734",
                "three_d_secure": {
                    "applied": false,
                    "method_completed": false,
                    "challenge_completed": false
                }
            }
        },
        {
            "id": "2da0db0c-000f-5000-8000-19faed5214e7",
            "status": "canceled",
            "amount": {
                "value": "150.00",
                "currency": "RUB"
            },
            "description": "Заказ №74",
            "recipient": {
                "account_id": "359240",
                "gateway_id": "2215148"
            },
            "payment_method": {
                "type": "bank_card",
                "id": "2da0db0c-000f-5000-8000-19faed5214e7",
                "saved": false,
                "title": "Bank card *4618",
                "card": {
                    "first6": "555555",
                    "last4": "4618",
                    "expiry_year": "2020",
                    "expiry_month": "01",
                    "card_type": "MasterCard",
                    "card_product": {
                        "code": "E"
                    },
                    "issuer_country": "US"
                }
            },
            "created_at": "2024-04-04T15:29:16.759Z",
            "test": true,
            "paid": false,
            "refundable": false,
            "metadata": {
                
            },
            "cancellation_details": {
                "party": "payment_network",
                "reason": "invalid_card_number"
            },
            "authorization_details": {
                "rrn": "722379195482907",
                "auth_code": "438048",
                "three_d_secure": {
                    "applied": false,
                    "method_completed": false,
                    "challenge_completed": false
                }
            }
        },
        {
            "id": "2da0dab0-000f-5000-8000-13011aeb9f70",
            "status": "waiting_for_capture",
            "amount": {
                "value": "150.00",
                "currency": "RUB"
            },
            "description": "Заказ №74",
            "recipient": {
                "account_id": "359240",
                "gateway_id": "2215148"
            },
            "payment_method": {
                "type": "bank_card",
                "id": "2da0dab0-000f-5000-8000-13011aeb9f70",
                "saved": false,
                "title": "Bank card *4444",
                "card": {
                    "first6": "555555",
                    "last4": "4444",
                    "expiry_year": "2020",
                    "expiry_month": "01",
                    "card_type": "MasterCard",
                    "card_product": {
                        "code": "E"
                    },
                    "issuer_country": "US"
                }
            },
            "created_at": "2024-04-04T15:27:44.412Z",
            "expires_at": "2024-04-11T15:27:44.938Z",
            "test": true,
            "paid": true,
            "refundable": false,
            "metadata": {
                
            },
            "authorization_details": {
                "rrn": "710395081125939",
                "auth_code": "308931",
                "three_d_secure": {
                    "applied": false,
                    "method_completed": false,
                    "challenge_completed": false
                }
            }
        },
        {
            "id": "2da0daae-000f-5000-9000-16280f1442f6",
            "status": "waiting_for_capture",
            "amount": {
                "value": "150.00",
                "currency": "RUB"
            },
            "description": "Заказ №74",
            "recipient": {
                "account_id": "359240",
                "gateway_id": "2215148"
            },
            "payment_method": {
                "type": "bank_card",
                "id": "2da0daae-000f-5000-9000-16280f1442f6",
                "saved": false,
                "title": "Bank card *4444",
                "card": {
                    "first6": "555555",
                    "last4": "4444",
                    "expiry_year": "2020",
                    "expiry_month": "01",
                    "card_type": "MasterCard",
                    "card_product": {
                        "code": "E"
                    },
                    "issuer_country": "US"
                }
            },
            "created_at": "2024-04-04T15:27:42.878Z",
            "expires_at": "2024-04-11T15:27:43.430Z",
            "test": true,
            "paid": true,
            "refundable": false,
            "metadata": {
                
            },
            "authorization_details": {
                "rrn": "272266949244219",
                "auth_code": "549072",
                "three_d_secure": {
                    "applied": false,
                    "method_completed": false,
                    "challenge_completed": false
                }
            }
        },
        {
            "id": "2da0daad-000f-5000-8000-1bde710d58f7",
            "status": "waiting_for_capture",
            "amount": {
                "value": "150.00",
                "currency": "RUB"
            },
            "description": "Заказ №74",
            "recipient": {
                "account_id": "359240",
                "gateway_id": "2215148"
            },
            "payment_method": {
                "type": "bank_card",
                "id": "2da0daad-000f-5000-8000-1bde710d58f7",
                "saved": false,
                "title": "Bank card *4444",
                "card": {
                    "first6": "555555",
                    "last4": "4444",
                    "expiry_year": "2020",
                    "expiry_month": "01",
                    "card_type": "MasterCard",
                    "card_product": {
                        "code": "E"
                    },
                    "issuer_country": "US"
                }
            },
            "created_at": "2024-04-04T15:27:41.498Z",
            "expires_at": "2024-04-11T15:27:42.135Z",
            "test": true,
            "paid": true,
            "refundable": false,
            "metadata": {
                
            },
            "authorization_details": {
                "rrn": "115368370412601",
                "auth_code": "398930",
                "three_d_secure": {
                    "applied": false,
                    "method_completed": false,
                    "challenge_completed": false
                }
            }
        },
        {
            "id": "2da0da8c-000f-5000-8000-14229d7be060",
            "status": "waiting_for_capture",
            "amount": {
                "value": "150.00",
                "currency": "RUB"
            },
            "description": "Заказ №74",
            "recipient": {
                "account_id": "359240",
                "gateway_id": "2215148"
            },
            "payment_method": {
                "type": "bank_card",
                "id": "2da0da8c-000f-5000-8000-14229d7be060",
                "saved": false,
                "title": "Bank card *4444",
                "card": {
                    "first6": "555555",
                    "last4": "4444",
                    "expiry_year": "2020",
                    "expiry_month": "01",
                    "card_type": "MasterCard",
                    "card_product": {
                        "code": "E"
                    },
                    "issuer_country": "US"
                }
            },
            "created_at": "2024-04-04T15:27:08.291Z",
            "expires_at": "2024-04-11T15:27:08.822Z",
            "test": true,
            "paid": true,
            "refundable": false,
            "metadata": {
                
            },
            "authorization_details": {
                "rrn": "594861418881269",
                "auth_code": "445756",
                "three_d_secure": {
                    "applied": false,
                    "method_completed": false,
                    "challenge_completed": false
                }
            }
        },
        {
            "id": "2da0da52-000f-5000-9000-1388222694a1",
            "status": "waiting_for_capture",
            "amount": {
                "value": "150.00",
                "currency": "RUB"
            },
            "description": "Заказ №74",
            "recipient": {
                "account_id": "359240",
                "gateway_id": "2215148"
            },
            "payment_method": {
                "type": "bank_card",
                "id": "2da0da52-000f-5000-9000-1388222694a1",
                "saved": false,
                "title": "Bank card *4444",
                "card": {
                    "first6": "555555",
                    "last4": "4444",
                    "expiry_year": "2020",
                    "expiry_month": "01",
                    "card_type": "MasterCard",
                    "card_product": {
                        "code": "E"
                    },
                    "issuer_country": "US"
                }
            },
            "created_at": "2024-04-04T15:26:10.821Z",
            "expires_at": "2024-04-11T15:26:11.297Z",
            "test": true,
            "paid": true,
            "refundable": false,
            "metadata": {
                
            },
            "authorization_details": {
                "rrn": "514890351210283",
                "auth_code": "137553",
                "three_d_secure": {
                    "applied": false,
                    "method_completed": false,
                    "challenge_completed": false
                }
            }
        }
    ]
}
Request URI:	https://api.yookassa.ru/v3/payments/2d9cc60d-000f-5000-9000-131c0b967024
Headers:		Idempotence-Key=a3739194-84cd-4b76-96d1-2ba48a9e2146
				Authorization=Basic MzU5MjQwOnRlc3RfeGpoWUVnODU4akYwUjF6YVlRdGRrV1lPRHJtOUhxN1Q4cXlzaWFEWC1QOA==
				Accept=*/*
				Content-Type=application/json
Body:			<none>
HTTP/1.1 200 
Server: nginx
Date: Thu, 04 Apr 2024 15:31:30 GMT
Content-Type: application/json;charset=UTF-8
Content-Length: 1070
Connection: keep-alive
Keep-Alive: timeout=12
Signature: v1 2da0db92 1 MGQCMCFZ5V6XJ40Ff5Ny7UkipPn4Mtq8jQ7YsrUNflggj5WgeRok8bYe7ZomA6lFdfZswgIwIgIFq1O46hJPwFiunTLa6C95vfCEwQDoY7caecqOwVPi7gELf5z9ONxCp8/fvhH/
Strict-Transport-Security: max-age=15768000

{
    "id": "2d9cc60d-000f-5000-9000-131c0b967024",
    "status": "waiting_for_capture",
    "amount": {
        "value": "150.00",
        "currency": "RUB"
    },
    "description": "Заказ №74",
    "recipient": {
        "account_id": "359240",
        "gateway_id": "2215148"
    },
    "payment_method": {
        "type": "bank_card",
        "id": "2d9cc60d-000f-5000-9000-131c0b967024",
        "saved": false,
        "title": "Bank card *4444",
        "card": {
            "first6": "555555",
            "last4": "4444",
            "expiry_year": "2020",
            "expiry_month": "01",
            "card_type": "MasterCard",
            "card_product": {
                "code": "E"
            },
            "issuer_country": "US"
        }
    },
    "created_at": "2024-04-01T13:10:37.543Z",
    "expires_at": "2024-04-08T13:10:38.087Z",
    "test": true,
    "paid": true,
    "refundable": false,
    "metadata": {
        
    },
    "authorization_details": {
        "rrn": "744835168061300",
        "auth_code": "387288",
        "three_d_secure": {
            "applied": false,
            "method_completed": false,
            "challenge_completed": false
        }
    }
}
]]></system-out>
  <system-err><![CDATA[]]></system-err>
</testsuite>
