<?xml version="1.0" encoding="UTF-8"?>
<testsuite name="ukassa.test.positive.PayoutCardPostPositiveStepTest" tests="3" skipped="0" failures="0" errors="0" timestamp="2024-04-04T15:31:36" hostname="user" time="1.725">
  <properties/>
  <testcase name="Проверка получения валидных данных" classname="ukassa.test.positive.PayoutCardPostPositiveStepTest" time="1.117"/>
  <testcase name="Проверка ввода валидного номера карты" classname="ukassa.test.positive.PayoutCardPostPositiveStepTest" time="0.304"/>
  <testcase name="Проверка получения платежной системы" classname="ukassa.test.positive.PayoutCardPostPositiveStepTest" time="0.297"/>
  <system-out><![CDATA[Request URI:	https://api.yookassa.ru/v3/payments
Headers:		Idempotence-Key=a3739194-84cd-4b76-96d1-2ba48a9e2146
				Authorization=Basic MzU5MjQwOnRlc3RfeGpoWUVnODU4akYwUjF6YVlRdGRrV1lPRHJtOUhxN1Q4cXlzaWFEWC1QOA==
				Accept=*/*
				Content-Type=application/json
Body:
{
    "amount": {
        "value": "150.00",
        "currency": "RUB"
    },
    "payment_method_data": {
        "type": "bank_card",
        "card": {
            "cardholder": "MR CARDHOLDER",
            "csc": "213",
            "expiry_month": "01",
            "expiry_year": "2020",
            "number": "2202474301322987"
        }
    },
    "confirmation": {
        "type": "redirect",
        "return_url": "https://www.example.com/return_url"
    },
    "description": "Заказ №74"
}
HTTP/1.1 200 
Server: nginx
Date: Thu, 04 Apr 2024 15:31:37 GMT
Content-Type: application/json;charset=UTF-8
Content-Length: 977
Connection: keep-alive
Keep-Alive: timeout=12
Signature: v1 2da0db99 1 MGUCMGVaE9+LVY7R3KBLkMh7MvAlfuinFALZfv9E3LHS4W4cdOg554yR8uXSmR8rSBsL5wIxAIwv6uv68B/hlsV9Pu/B0ehTmFy9jcd0aIm3Qd367D3XwKmzLHI1cXq3+em20oG3cw==
Strict-Transport-Security: max-age=15768000

{
    "id": "2da0db98-000f-5000-8000-10aa6a1491a5",
    "status": "waiting_for_capture",
    "amount": {
        "value": "150.00",
        "currency": "RUB"
    },
    "description": "Заказ №74",
    "recipient": {
        "account_id": "359240",
        "gateway_id": "2215148"
    },
    "payment_method": {
        "type": "bank_card",
        "id": "2da0db98-000f-5000-8000-10aa6a1491a5",
        "saved": false,
        "title": "Bank card *2987",
        "card": {
            "first6": "220247",
            "last4": "2987",
            "expiry_year": "2020",
            "expiry_month": "01",
            "card_type": "Mir"
        }
    },
    "created_at": "2024-04-04T15:31:36.811Z",
    "expires_at": "2024-04-11T15:31:37.376Z",
    "test": true,
    "paid": true,
    "refundable": false,
    "metadata": {
        
    },
    "authorization_details": {
        "rrn": "794451058978485",
        "auth_code": "209872",
        "three_d_secure": {
            "applied": false,
            "method_completed": false,
            "challenge_completed": false
        }
    }
}
Request URI:	https://api.yookassa.ru/v3/payments
Headers:		Idempotence-Key=a3739194-84cd-4b76-96d1-2ba48a9e2146
				Authorization=Basic MzU5MjQwOnRlc3RfeGpoWUVnODU4akYwUjF6YVlRdGRrV1lPRHJtOUhxN1Q4cXlzaWFEWC1QOA==
				Accept=*/*
				Content-Type=application/json
Body:
{
    "amount": {
        "value": "150.00",
        "currency": "RUB"
    },
    "payment_method_data": {
        "type": "bank_card",
        "card": {
            "cardholder": "MR CARDHOLDER",
            "csc": "213",
            "expiry_month": "01",
            "expiry_year": "2020",
            "number": "2202474301322987"
        }
    },
    "confirmation": {
        "type": "redirect",
        "return_url": "https://www.example.com/return_url"
    },
    "description": "Заказ №74"
}
HTTP/1.1 200 
Server: nginx
Date: Thu, 04 Apr 2024 15:31:37 GMT
Content-Type: application/json;charset=UTF-8
Content-Length: 977
Connection: keep-alive
Keep-Alive: timeout=12
Signature: v1 2da0db99 1 MGQCMD+na1FR7fwgnySKsSWYFCaF1+TK+sEhmQzcwvdj6AzylR2AnII7dBK8640FKKPb4wIwZYlYZiYpIL9ScO0XXZs82BDY8vmGHG+e87wG7fA10GQ3F2T/Bp0CPDxwK7IHH4Eb
Strict-Transport-Security: max-age=15768000

{
    "id": "2da0db98-000f-5000-8000-10aa6a1491a5",
    "status": "waiting_for_capture",
    "amount": {
        "value": "150.00",
        "currency": "RUB"
    },
    "description": "Заказ №74",
    "recipient": {
        "account_id": "359240",
        "gateway_id": "2215148"
    },
    "payment_method": {
        "type": "bank_card",
        "id": "2da0db98-000f-5000-8000-10aa6a1491a5",
        "saved": false,
        "title": "Bank card *2987",
        "card": {
            "first6": "220247",
            "last4": "2987",
            "expiry_year": "2020",
            "expiry_month": "01",
            "card_type": "Mir"
        }
    },
    "created_at": "2024-04-04T15:31:36.811Z",
    "expires_at": "2024-04-11T15:31:37.376Z",
    "test": true,
    "paid": true,
    "refundable": false,
    "metadata": {
        
    },
    "authorization_details": {
        "rrn": "794451058978485",
        "auth_code": "209872",
        "three_d_secure": {
            "applied": false,
            "method_completed": false,
            "challenge_completed": false
        }
    }
}
Request URI:	https://api.yookassa.ru/v3/payments
Headers:		Idempotence-Key=a3739194-84cd-4b76-96d1-2ba48a9e2146
				Authorization=Basic MzU5MjQwOnRlc3RfeGpoWUVnODU4akYwUjF6YVlRdGRrV1lPRHJtOUhxN1Q4cXlzaWFEWC1QOA==
				Accept=*/*
				Content-Type=application/json
Body:
{
    "amount": {
        "value": "150.00",
        "currency": "RUB"
    },
    "payment_method_data": {
        "type": "bank_card",
        "card": {
            "cardholder": "MR CARDHOLDER",
            "csc": "213",
            "expiry_month": "01",
            "expiry_year": "2020",
            "number": "2202474301322987"
        }
    },
    "confirmation": {
        "type": "redirect",
        "return_url": "https://www.example.com/return_url"
    },
    "description": "Заказ №74"
}
HTTP/1.1 200 
Server: nginx
Date: Thu, 04 Apr 2024 15:31:38 GMT
Content-Type: application/json;charset=UTF-8
Content-Length: 977
Connection: keep-alive
Keep-Alive: timeout=12
Signature: v1 2da0db9a 1 MGQCMBrzKvarLJ04vaRVjXLCJq6uLFFskj8lYpmC5ctLhCfqknrlMZxqvxfpZJp/mBnwIAIwJ7RMch32EP950vCB63IswH82nfbtzeQLx/awnJuDJ1dt4y19ZEpIDRiI0Od2r8Re
Strict-Transport-Security: max-age=15768000

{
    "id": "2da0db98-000f-5000-8000-10aa6a1491a5",
    "status": "waiting_for_capture",
    "amount": {
        "value": "150.00",
        "currency": "RUB"
    },
    "description": "Заказ №74",
    "recipient": {
        "account_id": "359240",
        "gateway_id": "2215148"
    },
    "payment_method": {
        "type": "bank_card",
        "id": "2da0db98-000f-5000-8000-10aa6a1491a5",
        "saved": false,
        "title": "Bank card *2987",
        "card": {
            "first6": "220247",
            "last4": "2987",
            "expiry_year": "2020",
            "expiry_month": "01",
            "card_type": "Mir"
        }
    },
    "created_at": "2024-04-04T15:31:36.811Z",
    "expires_at": "2024-04-11T15:31:37.376Z",
    "test": true,
    "paid": true,
    "refundable": false,
    "metadata": {
        
    },
    "authorization_details": {
        "rrn": "794451058978485",
        "auth_code": "209872",
        "three_d_secure": {
            "applied": false,
            "method_completed": false,
            "challenge_completed": false
        }
    }
}
]]></system-out>
  <system-err><![CDATA[]]></system-err>
</testsuite>
